\BOOKMARK [0][]{Title.0}{Title}{}% 1
\BOOKMARK [0][]{Acknowledgments.0}{Acknowledgments}{}% 2
\BOOKMARK [0][]{Abstract.0}{Abstract}{}% 3
\BOOKMARK [0][]{Resumo.0}{Resumo}{}% 4
\BOOKMARK [0][]{index.0}{Index}{}% 5
\BOOKMARK [1][]{toc.1}{Contents}{index.0}% 6
\BOOKMARK [1][]{lof.1}{List of Figures}{index.0}% 7
\BOOKMARK [1][]{lot.1}{List of Tables}{index.0}% 8
\BOOKMARK [1][]{loac.1}{List of Acronyms}{index.0}% 9
\BOOKMARK [1][]{los.1}{List of Symbols}{index.0}% 10
\BOOKMARK [0][]{chapter.1}{1 Introduction}{}% 11
\BOOKMARK [1][]{section.1.1}{1.1 Motivation}{chapter.1}% 12
\BOOKMARK [1][]{section.1.2}{1.2 State of The Art}{chapter.1}% 13
\BOOKMARK [2][]{subsection.1.2.1}{1.2.1 Dummy Subsection A}{section.1.2}% 14
\BOOKMARK [2][]{subsection.1.2.2}{1.2.2 Dummy Subsection B}{section.1.2}% 15
\BOOKMARK [1][]{section.1.3}{1.3 Original Contributions}{chapter.1}% 16
\BOOKMARK [1][]{section.1.4}{1.4 Thesis Outline}{chapter.1}% 17
\BOOKMARK [0][]{chapter.2}{2 A Chapter}{}% 18
\BOOKMARK [1][]{section.2.1}{2.1 Section A}{chapter.2}% 19
\BOOKMARK [2][]{subsection.2.1.1}{2.1.1 Subsection A}{section.2.1}% 20
\BOOKMARK [2][]{subsection.2.1.2}{2.1.2 Subsection B}{section.2.1}% 21
\BOOKMARK [1][]{section.2.2}{2.2 Section B}{chapter.2}% 22
\BOOKMARK [2][]{subsection.2.2.1}{2.2.1 Subsection A}{section.2.2}% 23
\BOOKMARK [2][]{subsection.2.2.2}{2.2.2 Subsection B}{section.2.2}% 24
\BOOKMARK [0][]{chapter.3}{3 Conclusions and Future Work}{}% 25
\BOOKMARK [0][]{chapter.3}{Bibliography}{}% 26
\BOOKMARK [0][]{appendix.A}{Ap\352ndice A Title of AppendixA}{}% 27
